2025-03-11 02:25:08,827 - INFO - Successfully loaded CSV data from customer_churn_data.csv
2025-03-11 02:25:08,894 - INFO - pickle write telco-customer-churn
2025-03-11 02:25:08,898 - INFO - Going to remove the following attributes: ['customerID']
2025-03-11 02:25:08,901 - INFO - Successfully fetched dataset 42178 from OpenML
2025-03-11 02:31:16,848 - INFO - Successfully loaded CSV data from customer_churn_data.csv
2025-03-11 02:31:16,914 - INFO - pickle write telco-customer-churn
2025-03-11 02:31:16,918 - INFO - Going to remove the following attributes: ['customerID']
2025-03-11 02:31:16,921 - INFO - Successfully fetched dataset 42178 from OpenML
2025-03-11 02:31:16,942 - INFO - Successfully saved raw data to Assignment/Raw_data_storage/raw_data/csv/csv_data_2025-03-11.csv
2025-03-11 02:31:16,961 - INFO - Successfully saved raw data to Assignment/Raw_data_storage/raw_data/api/api_data_2025-03-11.csv
2025-03-11 02:32:09,912 - INFO - Successfully loaded CSV data from customer_churn_data.csv
2025-03-11 02:32:09,972 - INFO - pickle write telco-customer-churn
2025-03-11 02:32:09,975 - INFO - Going to remove the following attributes: ['customerID']
2025-03-11 02:32:09,978 - INFO - Successfully fetched dataset 42178 from OpenML
2025-03-11 03:07:20,788 - ERROR - Error loading CSV data: [Errno 2] No such file or directory: 'customer_churn_data.csv'
2025-03-11 03:07:22,709 - INFO - pickle write telco-customer-churn
2025-03-11 03:07:22,714 - INFO - Going to remove the following attributes: ['customerID']
2025-03-11 03:07:22,719 - INFO - Successfully fetched dataset 42178 from OpenML
2025-03-11 03:08:06,932 - ERROR - Error loading CSV data: [Errno 2] No such file or directory: 'customer_churn_data.csv'
2025-03-11 03:08:06,992 - INFO - pickle write telco-customer-churn
2025-03-11 03:08:06,995 - INFO - Going to remove the following attributes: ['customerID']
2025-03-11 03:08:06,999 - INFO - Successfully fetched dataset 42178 from OpenML
2025-03-11 03:08:07,019 - INFO - Successfully saved raw data to Assignment/Raw_data_storage/raw_data/api/api_data_2025-03-11.csv
2025-03-11 03:09:48,657 - ERROR - Error loading CSV data: [Errno 2] No such file or directory: 'customer_churn_data.csv'
2025-03-11 03:09:48,727 - INFO - pickle write telco-customer-churn
2025-03-11 03:09:48,731 - INFO - Going to remove the following attributes: ['customerID']
2025-03-11 03:09:48,735 - INFO - Successfully fetched dataset 42178 from OpenML
2025-03-11 03:09:48,755 - INFO - Successfully saved raw data to Assignment/Raw_data_storage/raw_data/api/api_data_2025-03-11.csv
2025-03-11 03:10:30,780 - ERROR - Error loading CSV data: [Errno 2] No such file or directory: 'customer_churn_data.csv'
2025-03-11 03:10:30,845 - INFO - pickle write telco-customer-churn
2025-03-11 03:10:30,849 - INFO - Going to remove the following attributes: ['customerID']
2025-03-11 03:10:30,851 - INFO - Successfully fetched dataset 42178 from OpenML
2025-03-11 03:10:30,870 - INFO - Successfully saved raw data to Assignment/Raw_data_storage/raw_data/api/api_data_2025-03-11.csv
2025-03-11 03:12:57,334 - ERROR - Error loading CSV data: [Errno 2] No such file or directory: 'customer_churn_data.csv'
2025-03-11 03:12:57,398 - INFO - pickle write telco-customer-churn
2025-03-11 03:12:57,402 - INFO - Going to remove the following attributes: ['customerID']
2025-03-11 03:12:57,405 - INFO - Successfully fetched dataset 42178 from OpenML
2025-03-11 03:12:57,424 - INFO - Successfully saved raw data to Assignment/Raw_data_storage/raw_data/api/api_data_2025-03-11.csv
2025-03-11 03:13:37,864 - ERROR - Error loading CSV data: [Errno 2] No such file or directory: 'customer_churn_data.csv'
2025-03-11 03:13:37,928 - INFO - pickle write telco-customer-churn
2025-03-11 03:13:37,931 - INFO - Going to remove the following attributes: ['customerID']
2025-03-11 03:13:37,934 - INFO - Successfully fetched dataset 42178 from OpenML
2025-03-11 03:13:37,953 - INFO - Successfully saved raw data to Assignment/Raw_data_storage/raw_data/api/api_data_2025-03-11.csv
2025-03-11 03:15:14,083 - ERROR - Error loading CSV data: [Errno 2] No such file or directory: 'customer_churn_data.csv'
2025-03-11 03:15:14,143 - INFO - pickle write telco-customer-churn
2025-03-11 03:15:14,146 - INFO - Going to remove the following attributes: ['customerID']
2025-03-11 03:15:14,149 - INFO - Successfully fetched dataset 42178 from OpenML
2025-03-11 03:15:14,167 - INFO - Successfully saved raw data to Assignment/Raw_data_storage/raw_data/api/api_data_2025-03-11.csv
2025-03-11 03:30:01,551 - INFO - Successfully loaded CSV data from customer_churn_data.csv
2025-03-11 03:30:01,612 - INFO - pickle write telco-customer-churn
2025-03-11 03:30:01,615 - INFO - Going to remove the following attributes: ['customerID']
2025-03-11 03:30:01,618 - INFO - Successfully fetched dataset 42178 from OpenML
2025-03-11 03:30:14,127 - INFO - Successfully loaded CSV data from customer_churn_data.csv
2025-03-11 03:30:14,163 - INFO - pickle write telco-customer-churn
2025-03-11 03:30:14,165 - INFO - Going to remove the following attributes: ['customerID']
2025-03-11 03:30:14,167 - INFO - Successfully fetched dataset 42178 from OpenML
2025-03-11 03:30:14,187 - INFO - Successfully saved raw data to Assignment/Raw_data_storage/raw_data/csv/csv_data_2025-03-11.csv
2025-03-11 03:30:14,205 - INFO - Successfully saved raw data to Assignment/Raw_data_storage/raw_data/api/api_data_2025-03-11.csv
2025-03-11 22:20:44,484 - INFO - Successfully loaded CSV data from customer_churn_data.csv
2025-03-11 22:20:44,583 - INFO - pickle write telco-customer-churn
2025-03-11 22:20:44,586 - INFO - Going to remove the following attributes: ['customerID']
2025-03-11 22:20:44,589 - INFO - Successfully fetched dataset 42178 from OpenML
2025-03-11 22:25:32,913 - INFO - Successfully loaded CSV data from customer_churn_data.csv
2025-03-11 22:25:32,978 - INFO - pickle write telco-customer-churn
2025-03-11 22:25:32,980 - INFO - Going to remove the following attributes: ['customerID']
2025-03-11 22:25:32,984 - INFO - Successfully fetched dataset 42178 from OpenML
2025-03-11 22:25:33,003 - INFO - Successfully saved raw data to Assignment/Raw_data_storage/raw_data/csv/csv_data_2025-03-11.csv
2025-03-11 22:25:33,021 - INFO - Successfully saved raw data to Assignment/Raw_data_storage/raw_data/api/api_data_2025-03-11.csv
